# JRE version: OpenJDK Runtime Environment (8.0_152-b01) (build 1.8.0_152-release-1343-b01)
# Java VM: OpenJDK 64-Bit Server VM (25.152-b01 mixed mode windows-amd64 compressed oops)
Heap:
 PSYoungGen      total 348160K, used 188931K [0x00000000e0000000, 0x00000000f7280000, 0x0000000100000000)
  eden space 318976K, 54% used [0x00000000e0000000,0x00000000ea9e4d90,0x00000000f3780000)
  from space 29184K, 51% used [0x00000000f5600000,0x00000000f649c020,0x00000000f7280000)
  to   space 30208K, 0% used [0x00000000f3780000,0x00000000f3780000,0x00000000f5500000)
 ParOldGen       total 235520K, used 60268K [0x00000000a0000000, 0x00000000ae600000, 0x00000000e0000000)
  object space 235520K, 25% used [0x00000000a0000000,0x00000000a3adb368,0x00000000ae600000)
 Metaspace       used 109743K, capacity 116271K, committed 117656K, reserved 1153024K
  class space    used 13452K, capacity 14553K, committed 15016K, reserved 1048576K
GC Heap History (10 events):
Event: 16721.381 GC heap before
{Heap before GC invocations=123 (full 7):
 PSYoungGen      total 348160K, used 335513K [0x00000000e0000000, 0x00000000f7400000, 0x0000000100000000)
  eden space 317952K, 99% used [0x00000000e0000000,0x00000000f3492428,0x00000000f3680000)
  from space 30208K, 64% used [0x00000000f3680000,0x00000000f4994090,0x00000000f5400000)
  to   space 30720K, 0% used [0x00000000f5600000,0x00000000f5600000,0x00000000f7400000)
 ParOldGen       total 235520K, used 60236K [0x00000000a0000000, 0x00000000ae600000, 0x00000000e0000000)
  object space 235520K, 25% used [0x00000000a0000000,0x00000000a3ad3368,0x00000000ae600000)
 Metaspace       used 109638K, capacity 116201K, committed 117656K, reserved 1153024K
  class space    used 13451K, capacity 14552K, committed 15016K, reserved 1048576K
Event: 16721.399 GC heap after
Heap after GC invocations=123 (full 7):
 PSYoungGen      total 347648K, used 25690K [0x00000000e0000000, 0x00000000f7880000, 0x0000000100000000)
  eden space 316928K, 0% used [0x00000000e0000000,0x00000000e0000000,0x00000000f3580000)
  from space 30720K, 83% used [0x00000000f5600000,0x00000000f6f16860,0x00000000f7400000)
  to   space 33280K, 0% used [0x00000000f3580000,0x00000000f3580000,0x00000000f5600000)
 ParOldGen       total 235520K, used 60244K [0x00000000a0000000, 0x00000000ae600000, 0x00000000e0000000)
  object space 235520K, 25% used [0x00000000a0000000,0x00000000a3ad5368,0x00000000ae600000)
 Metaspace       used 109638K, capacity 116201K, committed 117656K, reserved 1153024K
  class space    used 13451K, capacity 14552K, committed 15016K, reserved 1048576K
}
Event: 16834.515 GC heap before
{Heap before GC invocations=124 (full 7):
 PSYoungGen      total 347648K, used 342618K [0x00000000e0000000, 0x00000000f7880000, 0x0000000100000000)
  eden space 316928K, 100% used [0x00000000e0000000,0x00000000f3580000,0x00000000f3580000)
  from space 30720K, 83% used [0x00000000f5600000,0x00000000f6f16860,0x00000000f7400000)
  to   space 33280K, 0% used [0x00000000f3580000,0x00000000f3580000,0x00000000f5600000)
 ParOldGen       total 235520K, used 60244K [0x00000000a0000000, 0x00000000ae600000, 0x00000000e0000000)
  object space 235520K, 25% used [0x00000000a0000000,0x00000000a3ad5368,0x00000000ae600000)
 Metaspace       used 109663K, capacity 116207K, committed 117656K, reserved 1153024K
  class space    used 13452K, capacity 14553K, committed 15016K, reserved 1048576K
Event: 16834.521 GC heap after
Heap after GC invocations=124 (full 7):
 PSYoungGen      total 350208K, used 4864K [0x00000000e0000000, 0x00000000f7780000, 0x0000000100000000)
  eden space 316928K, 0% used [0x00000000e0000000,0x00000000e0000000,0x00000000f3580000)
  from space 33280K, 14% used [0x00000000f3580000,0x00000000f3a40010,0x00000000f5600000)
  to   space 33280K, 0% used [0x00000000f5700000,0x00000000f5700000,0x00000000f7780000)
 ParOldGen       total 235520K, used 60252K [0x00000000a0000000, 0x00000000ae600000, 0x00000000e0000000)
  object space 235520K, 25% used [0x00000000a0000000,0x00000000a3ad7368,0x00000000ae600000)
 Metaspace       used 109663K, capacity 116207K, committed 117656K, reserved 1153024K
  class space    used 13452K, capacity 14553K, committed 15016K, reserved 1048576K
}
Event: 16911.271 GC heap before
{Heap before GC invocations=125 (full 7):
 PSYoungGen      total 350208K, used 321792K [0x00000000e0000000, 0x00000000f7780000, 0x0000000100000000)
  eden space 316928K, 100% used [0x00000000e0000000,0x00000000f3580000,0x00000000f3580000)
  from space 33280K, 14% used [0x00000000f3580000,0x00000000f3a40010,0x00000000f5600000)
  to   space 33280K, 0% used [0x00000000f5700000,0x00000000f5700000,0x00000000f7780000)
 ParOldGen       total 235520K, used 60252K [0x00000000a0000000, 0x00000000ae600000, 0x00000000e0000000)
  object space 235520K, 25% used [0x00000000a0000000,0x00000000a3ad7368,0x00000000ae600000)
 Metaspace       used 109715K, capacity 116207K, committed 117656K, reserved 1153024K
  class space    used 13452K, capacity 14553K, committed 15016K, reserved 1048576K
Event: 16911.281 GC heap after
Heap after GC invocations=125 (full 7):
 PSYoungGen      total 350208K, used 7856K [0x00000000e0000000, 0x00000000f7680000, 0x0000000100000000)
  eden space 317952K, 0% used [0x00000000e0000000,0x00000000e0000000,0x00000000f3680000)
  from space 32256K, 24% used [0x00000000f5700000,0x00000000f5eac020,0x00000000f7680000)
  to   space 32768K, 0% used [0x00000000f3680000,0x00000000f3680000,0x00000000f5680000)
 ParOldGen       total 235520K, used 60260K [0x00000000a0000000, 0x00000000ae600000, 0x00000000e0000000)
  object space 235520K, 25% used [0x00000000a0000000,0x00000000a3ad9368,0x00000000ae600000)
 Metaspace       used 109715K, capacity 116207K, committed 117656K, reserved 1153024K
  class space    used 13452K, capacity 14553K, committed 15016K, reserved 1048576K
}
Event: 16941.142 GC heap before
{Heap before GC invocations=126 (full 7):
 PSYoungGen      total 350208K, used 325808K [0x00000000e0000000, 0x00000000f7680000, 0x0000000100000000)
  eden space 317952K, 100% used [0x00000000e0000000,0x00000000f3680000,0x00000000f3680000)
  from space 32256K, 24% used [0x00000000f5700000,0x00000000f5eac020,0x00000000f7680000)
  to   space 32768K, 0% used [0x00000000f3680000,0x00000000f3680000,0x00000000f5680000)
 ParOldGen       total 235520K, used 60260K [0x00000000a0000000, 0x00000000ae600000, 0x00000000e0000000)
  object space 235520K, 25% used [0x00000000a0000000,0x00000000a3ad9368,0x00000000ae600000)
 Metaspace       used 109724K, capacity 116207K, committed 117656K, reserved 1153024K
  class space    used 13452K, capacity 14553K, committed 15016K, reserved 1048576K
Event: 16941.151 GC heap after
Heap after GC invocations=126 (full 7):
 PSYoungGen      total 328192K, used 10064K [0x00000000e0000000, 0x00000000f7480000, 0x0000000100000000)
  eden space 317952K, 0% used [0x00000000e0000000,0x00000000e0000000,0x00000000f3680000)
  from space 10240K, 98% used [0x00000000f3680000,0x00000000f4054050,0x00000000f4080000)
  to   space 31232K, 0% used [0x00000000f5600000,0x00000000f5600000,0x00000000f7480000)
 ParOldGen       total 235520K, used 60268K [0x00000000a0000000, 0x00000000ae600000, 0x00000000e0000000)
  object space 235520K, 25% used [0x00000000a0000000,0x00000000a3adb368,0x00000000ae600000)
 Metaspace       used 109724K, capacity 116207K, committed 117656K, reserved 1153024K
  class space    used 13452K, capacity 14553K, committed 15016K, reserved 1048576K
}
Event: 16971.737 GC heap before
{Heap before GC invocations=127 (full 7):
 PSYoungGen      total 328192K, used 328016K [0x00000000e0000000, 0x00000000f7480000, 0x0000000100000000)
  eden space 317952K, 100% used [0x00000000e0000000,0x00000000f3680000,0x00000000f3680000)
  from space 10240K, 98% used [0x00000000f3680000,0x00000000f4054050,0x00000000f4080000)
  to   space 31232K, 0% used [0x00000000f5600000,0x00000000f5600000,0x00000000f7480000)
 ParOldGen       total 235520K, used 60268K [0x00000000a0000000, 0x00000000ae600000, 0x00000000e0000000)
  object space 235520K, 25% used [0x00000000a0000000,0x00000000a3adb368,0x00000000ae600000)
 Metaspace       used 109732K, capacity 116271K, committed 117656K, reserved 1153024K
  class space    used 13452K, capacity 14553K, committed 15016K, reserved 1048576K
Event: 16971.748 GC heap after
Heap after GC invocations=127 (full 7):
 PSYoungGen      total 348160K, used 14960K [0x00000000e0000000, 0x00000000f7280000, 0x0000000100000000)
  eden space 318976K, 0% used [0x00000000e0000000,0x00000000e0000000,0x00000000f3780000)
  from space 29184K, 51% used [0x00000000f5600000,0x00000000f649c020,0x00000000f7280000)
  to   space 30208K, 0% used [0x00000000f3780000,0x00000000f3780000,0x00000000f5500000)
 ParOldGen       total 235520K, used 60268K [0x00000000a0000000, 0x00000000ae600000, 0x00000000e0000000)
  object space 235520K, 25% used [0x00000000a0000000,0x00000000a3adb368,0x00000000ae600000)
 Metaspace       used 109732K, capacity 116271K, committed 117656K, reserved 1153024K
  class space    used 13452K, capacity 14553K, committed 15016K, reserved 1048576K
}

